<?xml version="1.0" encoding="UTF-8"?>
<testng-results ignored="0" total="1" passed="1" failed="0" skipped="0">
  <reporter-output>
    <line>
      <![CDATA[package2,script-04]]>
    </line>
  </reporter-output>
  <suite started-at="2024-04-03T18:34:50 SGT" name="Default suite" finished-at="2024-04-03T18:34:57 SGT" duration-ms="7263">
    <groups>
    </groups>
    <test started-at="2024-04-03T18:34:50 SGT" name="Default test" finished-at="2024-04-03T18:34:57 SGT" duration-ms="7263">
      <class name="Package_02.Launch_04_Test">
        <test-method signature="launch()[pri:0, instance:Package_02.Launch_04_Test@a3d8174]" started-at="2024-04-03T18:34:50 SGT" name="launch" finished-at="2024-04-03T18:34:57 SGT" duration-ms="7242" status="PASS">
          <reporter-output>
            <line>
              <![CDATA[package2,script-04]]>
            </line>
          </reporter-output>
        </test-method> <!-- launch -->
      </class> <!-- Package_02.Launch_04_Test -->
    </test> <!-- Default test -->
  </suite> <!-- Default suite -->
</testng-results>
